2020-09-07 16:42:48,219 INFO  [main] Search in GoogleCloudPlatform: [Google Cloud Platform Pricing Calculator]
2020-09-07 16:43:03,579 INFO  [main] Open: [https://cloud.google.com/products/calculator]
2020-09-07 16:43:03,580 INFO  [main] Platform choice: [Compute Engine]
2020-09-07 16:43:04,068 INFO  [main] Input number of instance: [4]
2020-09-07 16:43:04,881 INFO  [main] Choose machine type: [n1-standard-8 (vCPUs: 8, RAM: 30GB)]
2020-09-07 16:46:55,452 INFO  [main] Search in GoogleCloudPlatform: [Google Cloud Platform Pricing Calculator]
2020-09-07 16:47:12,191 INFO  [main] Open: [https://cloud.google.com/products/calculator]
2020-09-07 16:47:12,191 INFO  [main] Platform choice: [Compute Engine]
2020-09-07 16:47:12,456 INFO  [main] Input number of instance: [1]
2020-09-07 16:47:13,284 INFO  [main] Choose machine type: [n1-standard-1 (vCPUs: 1, RAM: 3.75GB)]
2020-09-07 16:49:26,178 INFO  [main] Search in GoogleCloudPlatform: [Google Cloud Platform Pricing Calculator]
2020-09-07 16:49:36,011 INFO  [main] Open: [https://cloud.google.com/products/calculator]
2020-09-07 16:49:36,012 INFO  [main] Platform choice: [Compute Engine]
2020-09-07 16:49:36,226 INFO  [main] Input number of instance: [1]
2020-09-07 16:49:36,641 INFO  [main] Choose machine type: [n1-standard-1 (vCPUs: 1, RAM: 3.75GB)]
2020-09-07 16:49:38,029 INFO  [main] Choose number of GPUs: [1]
2020-09-07 16:49:38,905 INFO  [main] Choose GPU type: [NVIDIA Tesla K80]
2020-09-07 16:49:39,759 INFO  [main] Choose local SSD: [1x375 GB]
2020-09-07 16:49:40,670 INFO  [main] Choose Data Center Location: [South Carolina (us-east1)]
2020-09-07 16:49:41,579 INFO  [main] Choose Committed Usage: [1 Year]
2020-09-07 16:49:43,253 INFO  [main] Open WebSite in new tab: [https://10minutemail.com]
2020-09-07 16:49:46,879 INFO  [main] Send Email to: [fvpavjlljfgwmdsmqy@avxrja.com]
2020-09-07 16:49:56,694 INFO  [main] Total cost: [USD 247.56]
